<?xml version="1.0" encoding="UTF-8"?>
<!-- Generated by org.testng.reporters.JUnitReportReporter -->
<testsuite hostname="AmitKumar" failures="0" tests="1" name="mavenSeleniumProject1.LoginText" time="81.837" errors="0" timestamp="2022-07-12T11:39:52 IST" skipped="0">
  <testcase classname="mavenSeleniumProject1.LoginText" name="testcase1" time="81.837"/>
  <system-out/>
</testsuite> <!-- mavenSeleniumProject1.LoginText -->
