<?xml version="1.0" encoding="UTF-8"?>
<!-- Generated by org.testng.reporters.JUnitReportReporter -->
<testsuite hostname="AmitKumar" failures="0" tests="1" name="mavenSeleniumProject1.SwagLabsWebsite_practise" time="14.630" errors="0" timestamp="2022-08-18T16:37:00 IST" skipped="0">
  <testcase classname="mavenSeleniumProject1.SwagLabsWebsite_practise" name="testcase1" time="14.630"/>
  <system-out/>
</testsuite> <!-- mavenSeleniumProject1.SwagLabsWebsite_practise -->
