<?xml version="1.0" encoding="UTF-8"?>
<!-- Generated by org.testng.reporters.JUnitReportReporter -->
<testsuite hostname="AmitKumar" failures="0" tests="1" name="mavenSeleniumProject1.ReadDataFromFile" time="0.008" errors="0" timestamp="2022-08-18T15:38:35 IST" skipped="0">
  <testcase classname="mavenSeleniumProject1.ReadDataFromFile" name="main" time="0.008"/>
  <system-out/>
</testsuite> <!-- mavenSeleniumProject1.ReadDataFromFile -->
