<?xml version="1.0" encoding="UTF-8"?>
<!-- Generated by org.testng.reporters.JUnitReportReporter -->
<testsuite hostname="AmitKumar" failures="0" tests="4" name="mavenSeleniumProject1.HRM_LoginText" time="146.842" errors="0" timestamp="2022-07-11T14:39:00 IST" skipped="0">
  <testcase classname="mavenSeleniumProject1.HRM_LoginText" name="testcase2" time="24.861"/>
  <system-out/>
  <testcase classname="mavenSeleniumProject1.HRM_LoginText" name="testcase1" time="30.111"/>
  <system-out/>
  <testcase classname="mavenSeleniumProject1.HRM_LoginText" name="testcase1" time="46.452"/>
  <system-out/>
  <testcase classname="mavenSeleniumProject1.HRM_LoginText" name="testcase2" time="45.418"/>
  <system-out/>
</testsuite> <!-- mavenSeleniumProject1.HRM_LoginText -->
